c:\users\user\source\repos\phonebook\phonebook\debug\phonebook.pch
c:\users\user\source\repos\phonebook\phonebook\debug\vc141.pdb
c:\users\user\source\repos\phonebook\phonebook\debug\vc141.idb
c:\users\user\source\repos\phonebook\phonebook\debug\stdafx.obj
c:\users\user\source\repos\phonebook\phonebook\debug\phonetypesview.obj
c:\users\user\source\repos\phonebook\phonebook\debug\phonetypesdoc.obj
c:\users\user\source\repos\phonebook\phonebook\debug\phonetypesdialog.obj
c:\users\user\source\repos\phonebook\phonebook\debug\phonenumbersdialog.obj
c:\users\user\source\repos\phonebook\phonebook\debug\phonebook.obj
c:\users\user\source\repos\phonebook\phonebook\debug\personsview.obj
c:\users\user\source\repos\phonebook\phonebook\debug\personsdialog.obj
c:\users\user\source\repos\phonebook\phonebook\debug\persondetails.obj
c:\users\user\source\repos\phonebook\phonebook\debug\outputwnd.obj
c:\users\user\source\repos\phonebook\phonebook\debug\mainfrm.obj
c:\users\user\source\repos\phonebook\phonebook\debug\fileview.obj
c:\users\user\source\repos\phonebook\phonebook\debug\classview.obj
c:\users\user\source\repos\phonebook\phonebook\debug\childfrm.obj
c:\users\user\source\repos\phonebook\phonebook\debug\citiesdialog.obj
c:\users\user\source\repos\phonebook\phonebook\debug\citiesdoc.obj
c:\users\user\source\repos\phonebook\phonebook\debug\viewtree.obj
c:\users\user\source\repos\phonebook\phonebook\debug\propertieswnd.obj
c:\users\user\source\repos\phonebook\phonebook\debug\phonetypesdata.obj
c:\users\user\source\repos\phonebook\phonebook\debug\personsdata.obj
c:\users\user\source\repos\phonebook\phonebook\debug\citiesdata.obj
c:\users\user\source\repos\phonebook\phonebook\debug\citiesview.obj
c:\users\user\source\repos\phonebook\phonebook\debug\personsdoc.obj
c:\users\user\source\repos\phonebook\phonebook\debug\datasourceaccessor.obj
c:\users\user\source\repos\phonebook\phonebook\debug\citiestable.obj
c:\users\user\source\repos\phonebook\phonebook\debug\personstable.obj
c:\users\user\source\repos\phonebook\phonebook\debug\phonenumberstable.obj
c:\users\user\source\repos\phonebook\phonebook\debug\phonetypestable.obj
c:\users\user\source\repos\phonebook\debug\phonebook.exe
c:\users\user\source\repos\phonebook\debug\phonebook.ilk
c:\users\user\source\repos\phonebook\debug\phonebook.pdb
c:\users\user\source\repos\phonebook\phonebook\debug\phonebook.res
c:\users\user\source\repos\phonebook\phonebook\debug\personsdoc.obj.enc
c:\users\user\source\repos\phonebook\phonebook\debug\phonebook.tlog\cl.command.1.tlog
c:\users\user\source\repos\phonebook\phonebook\debug\phonebook.tlog\cl.read.1.tlog
c:\users\user\source\repos\phonebook\phonebook\debug\phonebook.tlog\cl.write.1.tlog
c:\users\user\source\repos\phonebook\phonebook\debug\phonebook.tlog\link.command.1.tlog
c:\users\user\source\repos\phonebook\phonebook\debug\phonebook.tlog\link.read.1.tlog
c:\users\user\source\repos\phonebook\phonebook\debug\phonebook.tlog\link.write.1.tlog
c:\users\user\source\repos\phonebook\phonebook\debug\phonebook.tlog\rc.command.1.tlog
c:\users\user\source\repos\phonebook\phonebook\debug\phonebook.tlog\rc.read.1.tlog
c:\users\user\source\repos\phonebook\phonebook\debug\phonebook.tlog\rc.write.1.tlog
