c:\users\user\source\repos\phonebook\phonebook\release\phonebook.pch
c:\users\user\source\repos\phonebook\phonebook\release\vc141.pdb
c:\users\user\source\repos\phonebook\phonebook\release\stdafx.obj
c:\users\user\source\repos\phonebook\phonebook\release\phonetypesdoc.obj
c:\users\user\source\repos\phonebook\phonebook\release\phonetypesdialog.obj
c:\users\user\source\repos\phonebook\phonebook\release\phonetypesdata.obj
c:\users\user\source\repos\phonebook\phonebook\release\phonenumbersdialog.obj
c:\users\user\source\repos\phonebook\phonebook\release\phonebook.obj
c:\users\user\source\repos\phonebook\phonebook\release\personsview.obj
c:\users\user\source\repos\phonebook\phonebook\release\personsdoc.obj
c:\users\user\source\repos\phonebook\phonebook\release\personsdialog.obj
c:\users\user\source\repos\phonebook\phonebook\release\personsdata.obj
c:\users\user\source\repos\phonebook\phonebook\release\persondetails.obj
c:\users\user\source\repos\phonebook\phonebook\release\outputwnd.obj
c:\users\user\source\repos\phonebook\phonebook\release\mainfrm.obj
c:\users\user\source\repos\phonebook\phonebook\release\fileview.obj
c:\users\user\source\repos\phonebook\phonebook\release\classview.obj
c:\users\user\source\repos\phonebook\phonebook\release\childfrm.obj
c:\users\user\source\repos\phonebook\phonebook\release\citiesview.obj
c:\users\user\source\repos\phonebook\phonebook\release\citiesdialog.obj
c:\users\user\source\repos\phonebook\phonebook\release\citiesdoc.obj
c:\users\user\source\repos\phonebook\phonebook\release\citiesdata.obj
c:\users\user\source\repos\phonebook\phonebook\release\datasourceaccessor.obj
c:\users\user\source\repos\phonebook\phonebook\release\viewtree.obj
c:\users\user\source\repos\phonebook\phonebook\release\propertieswnd.obj
c:\users\user\source\repos\phonebook\phonebook\release\phonetypesview.obj
c:\users\user\source\repos\phonebook\phonebook\release\phonetypestable.obj
c:\users\user\source\repos\phonebook\phonebook\release\phonenumberstable.obj
c:\users\user\source\repos\phonebook\phonebook\release\personstable.obj
c:\users\user\source\repos\phonebook\phonebook\release\citiestable.obj
c:\users\user\source\repos\phonebook\release\phonebook.exe
c:\users\user\source\repos\phonebook\release\phonebook.pdb
c:\users\user\source\repos\phonebook\release\phonebook.ipdb
c:\users\user\source\repos\phonebook\release\phonebook.iobj
c:\users\user\source\repos\phonebook\phonebook\release\phonebook.res
c:\users\user\source\repos\phonebook\phonebook\release\phonebook.tlog\cl.command.1.tlog
c:\users\user\source\repos\phonebook\phonebook\release\phonebook.tlog\cl.read.1.tlog
c:\users\user\source\repos\phonebook\phonebook\release\phonebook.tlog\cl.write.1.tlog
c:\users\user\source\repos\phonebook\phonebook\release\phonebook.tlog\link.command.1.tlog
c:\users\user\source\repos\phonebook\phonebook\release\phonebook.tlog\link.read.1.tlog
c:\users\user\source\repos\phonebook\phonebook\release\phonebook.tlog\link.write.1.tlog
c:\users\user\source\repos\phonebook\phonebook\release\phonebook.tlog\phonebook.write.1u.tlog
c:\users\user\source\repos\phonebook\phonebook\release\phonebook.tlog\rc.command.1.tlog
c:\users\user\source\repos\phonebook\phonebook\release\phonebook.tlog\rc.read.1.tlog
c:\users\user\source\repos\phonebook\phonebook\release\phonebook.tlog\rc.write.1.tlog
